{
  "stats": {
    "suites": 1,
    "tests": 3,
    "passes": 0,
    "pending": 0,
    "failures": 3,
    "start": "2024-02-25T07:30:54.728Z",
    "end": "2024-02-25T07:31:47.804Z",
    "duration": 53076,
    "testsRegistered": 3,
    "passPercent": 0,
    "pendingPercent": 0,
    "other": 0,
    "hasOther": false,
    "skipped": 0,
    "hasSkipped": false
  },
  "results": [
    {
      "uuid": "6efeb88a-5a1c-4cdf-9b69-06b40ff4db94",
      "title": "",
      "fullFile": "cypress/e2e/UI/login.cy.js",
      "file": "cypress/e2e/UI/login.cy.js",
      "beforeHooks": [],
      "afterHooks": [],
      "tests": [],
      "suites": [
        {
          "uuid": "e7b12223-031c-4170-a2b7-501541e22557",
          "title": "Login Scenarios",
          "fullFile": "",
          "file": "",
          "beforeHooks": [],
          "afterHooks": [],
          "tests": [
            {
              "title": "TC-1: Successful Login",
              "fullTitle": "Login Scenarios TC-1: Successful Login",
              "timedOut": null,
              "duration": 15628,
              "state": "failed",
              "speed": null,
              "pass": false,
              "fail": true,
              "pending": false,
              "context": "{\n  \"title\": \"cypress-mochawesome-reporter-screenshots\",\n  \"value\": [\n    [\n      \"/UI/login.cy.js/Login Scenarios -- TC-1 Successful Login (failed).png\"\n    ]\n  ]\n}",
              "code": "_landingPage.default.logIntoSauce(_testDataUI.default.validCredentials.username, _testDataUI.default.validCredentials.password);",
              "err": {
                "message": "AssertionError: Timed out retrying after 12000ms: Expected to find element: `#user-name`, but never found it.",
                "estack": "AssertionError: Timed out retrying after 12000ms: Expected to find element: `#user-name`, but never found it.\n    at landingPage.logIntoSauce (webpack://pragya_demo_2024/./cypress/pages/landingPage.js:14:11)\n    at Context.eval (webpack://pragya_demo_2024/./cypress/e2e/UI/login.cy.js:12:16)",
                "diff": null
              },
              "uuid": "f89fe9f0-d1a3-47dc-a80c-37f4f3f10ad1",
              "parentUUID": "e7b12223-031c-4170-a2b7-501541e22557",
              "isHook": false,
              "skipped": false
            },
            {
              "title": "TC-2: Login with invalid credentials",
              "fullTitle": "Login Scenarios TC-2: Login with invalid credentials",
              "timedOut": null,
              "duration": 16680,
              "state": "failed",
              "speed": null,
              "pass": false,
              "fail": true,
              "pending": false,
              "context": "{\n  \"title\": \"cypress-mochawesome-reporter-screenshots\",\n  \"value\": [\n    [\n      \"/UI/login.cy.js/Login Scenarios -- TC-2 Login with invalid credentials (failed).png\"\n    ]\n  ]\n}",
              "code": "_landingPage.default.logInvalidCreds(_testDataUI.default.invalidCredentials.username, _testDataUI.default.invalidCredentials.password, _errorMessages.default.failureMessageInvalidCredential);",
              "err": {
                "message": "AssertionError: Timed out retrying after 12000ms: Expected to find element: `#user-name`, but never found it.",
                "estack": "AssertionError: Timed out retrying after 12000ms: Expected to find element: `#user-name`, but never found it.\n    at landingPage.logInvalidCreds (webpack://pragya_demo_2024/./cypress/pages/landingPage.js:22:11)\n    at Context.eval (webpack://pragya_demo_2024/./cypress/e2e/UI/login.cy.js:16:16)",
                "diff": null
              },
              "uuid": "847e3507-0e19-43d3-a7ed-7235eccabda9",
              "parentUUID": "e7b12223-031c-4170-a2b7-501541e22557",
              "isHook": false,
              "skipped": false
            },
            {
              "title": "TC-3: Logout",
              "fullTitle": "Login Scenarios TC-3: Logout",
              "timedOut": null,
              "duration": 20387,
              "state": "failed",
              "speed": null,
              "pass": false,
              "fail": true,
              "pending": false,
              "context": "{\n  \"title\": \"cypress-mochawesome-reporter-screenshots\",\n  \"value\": [\n    [\n      \"/UI/login.cy.js/Login Scenarios -- TC-3 Logout (failed).png\"\n    ]\n  ]\n}",
              "code": "_landingPage.default.logIntoSauce(_testDataUI.default.validCredentials.username, _testDataUI.default.validCredentials.password);\n_landingPage.default.logout();",
              "err": {
                "message": "AssertionError: Timed out retrying after 12000ms: Expected to find element: `#user-name`, but never found it.",
                "estack": "AssertionError: Timed out retrying after 12000ms: Expected to find element: `#user-name`, but never found it.\n    at landingPage.logIntoSauce (webpack://pragya_demo_2024/./cypress/pages/landingPage.js:14:11)\n    at Context.eval (webpack://pragya_demo_2024/./cypress/e2e/UI/login.cy.js:20:16)",
                "diff": null
              },
              "uuid": "6f65a0e9-f4bb-4ba9-a07a-270c3dc7507f",
              "parentUUID": "e7b12223-031c-4170-a2b7-501541e22557",
              "isHook": false,
              "skipped": false
            }
          ],
          "suites": [],
          "passes": [],
          "failures": [
            "f89fe9f0-d1a3-47dc-a80c-37f4f3f10ad1",
            "847e3507-0e19-43d3-a7ed-7235eccabda9",
            "6f65a0e9-f4bb-4ba9-a07a-270c3dc7507f"
          ],
          "pending": [],
          "skipped": [],
          "duration": 52695,
          "root": false,
          "rootEmpty": false,
          "_timeout": 2000
        }
      ],
      "passes": [],
      "failures": [],
      "pending": [],
      "skipped": [],
      "duration": 0,
      "root": true,
      "rootEmpty": true,
      "_timeout": 2000
    }
  ],
  "meta": {
    "mocha": {
      "version": "7.0.1"
    },
    "mochawesome": {
      "options": {
        "quiet": false,
        "reportFilename": "mochawesome",
        "saveHtml": true,
        "saveJson": true,
        "consoleReporter": "spec",
        "useInlineDiffs": false,
        "code": true
      },
      "version": "7.1.3"
    },
    "marge": {
      "options": {},
      "version": "6.2.0"
    }
  }
}